-- Found ament_cmake: 1.3.8 (/opt/ros/humble/share/ament_cmake/cmake)
-- Found sensor_msgs: 4.2.3 (/opt/ros/humble/share/sensor_msgs/cmake)
-- Found rosidl_generator_c: 3.1.5 (/opt/ros/humble/share/rosidl_generator_c/cmake)
-- Found rosidl_adapter: 3.1.5 (/opt/ros/humble/share/rosidl_adapter/cmake)
-- Found rosidl_generator_cpp: 3.1.5 (/opt/ros/humble/share/rosidl_generator_cpp/cmake)
-- Using all available rosidl_typesupport_c: rosidl_typesupport_fastrtps_c;rosidl_typesupport_introspection_c
-- Using all available rosidl_typesupport_cpp: rosidl_typesupport_fastrtps_cpp;rosidl_typesupport_introspection_cpp
-- Found rclcpp: 16.0.8 (/opt/ros/humble/share/rclcpp/cmake)
-- Found rmw_implementation_cmake: 6.1.1 (/opt/ros/humble/share/rmw_implementation_cmake/cmake)
-- Found rmw_fastrtps_cpp: 6.2.6 (/opt/ros/humble/share/rmw_fastrtps_cpp/cmake)
-- Using RMW implementation 'rmw_fastrtps_cpp' as default
-- Found ament_lint_auto: 0.12.10 (/opt/ros/humble/share/ament_lint_auto/cmake)
-- Added test 'cppcheck' to perform static code analysis on C / C++ code
-- Configured cppcheck include dirs: /home/anaple/rtk_ws/src/gs2lidar/include;/home/anaple/rtk_ws/src/gs2lidar/src/sdk
-- Configured cppcheck exclude dirs and/or files: 
-- Added test 'flake8' to check Python code syntax and style conventions
-- Added test 'lint_cmake' to check CMake code style
-- Added test 'pep257' to check Python code against some of the docstring style conventions in PEP 257
-- Added test 'uncrustify' to check C / C++ code style
-- Configured uncrustify additional arguments: 
-- Added test 'xmllint' to check XML markup files
-- Configuring done
-- Generating done
-- Build files have been written to: /home/anaple/rtk_ws/src/gs2lidar/build/gs2lidar
[35m[1mConsolidate compiler generated dependencies of target ydlidar_driver[0m
[ 40%] [32mBuilding CXX object CMakeFiles/ydlidar_driver.dir/src/sdk/CYdLidar.cpp.o[0m
[ 40%] [32mBuilding CXX object CMakeFiles/ydlidar_driver.dir/src/sdk/impl/unix/list_ports_linux.cpp.o[0m
[ 40%] [32mBuilding CXX object CMakeFiles/ydlidar_driver.dir/src/sdk/impl/unix/unix_timer.cpp.o[0m
[ 40%] [32mBuilding CXX object CMakeFiles/ydlidar_driver.dir/src/sdk/impl/unix/unix_serial.cpp.o[0m
[ 60%] [32mBuilding CXX object CMakeFiles/ydlidar_driver.dir/src/sdk/serial.cpp.o[0m
[ 60%] [32mBuilding C object CMakeFiles/ydlidar_driver.dir/src/sdk/lock.c.o[0m
[ 70%] [32mBuilding CXX object CMakeFiles/ydlidar_driver.dir/src/sdk/ydlidar_driver.cpp.o[0m
[ 80%] [32m[1mLinking CXX static library libydlidar_driver.a[0m
[ 80%] Built target ydlidar_driver
[35m[1mConsolidate compiler generated dependencies of target gs2lidar[0m
[ 90%] [32mBuilding CXX object CMakeFiles/gs2lidar.dir/src/main_ros2node.cpp.o[0m
[100%] [32m[1mLinking CXX executable gs2lidar[0m
[100%] Built target gs2lidar
-- Install configuration: "Release"
-- Installing: /home/anaple/rtk_ws/src/gs2lidar/install/gs2lidar/lib/gs2lidar/gs2lidar
-- Set runtime path of "/home/anaple/rtk_ws/src/gs2lidar/install/gs2lidar/lib/gs2lidar/gs2lidar" to ""
-- Up-to-date: /home/anaple/rtk_ws/src/gs2lidar/install/gs2lidar/share/ament_index/resource_index/package_run_dependencies/gs2lidar
-- Up-to-date: /home/anaple/rtk_ws/src/gs2lidar/install/gs2lidar/share/ament_index/resource_index/parent_prefix_path/gs2lidar
-- Up-to-date: /home/anaple/rtk_ws/src/gs2lidar/install/gs2lidar/share/gs2lidar/environment/ament_prefix_path.sh
-- Installing: /home/anaple/rtk_ws/src/gs2lidar/install/gs2lidar/share/gs2lidar/environment/ament_prefix_path.dsv
-- Up-to-date: /home/anaple/rtk_ws/src/gs2lidar/install/gs2lidar/share/gs2lidar/environment/path.sh
-- Installing: /home/anaple/rtk_ws/src/gs2lidar/install/gs2lidar/share/gs2lidar/environment/path.dsv
-- Up-to-date: /home/anaple/rtk_ws/src/gs2lidar/install/gs2lidar/share/gs2lidar/local_setup.bash
-- Up-to-date: /home/anaple/rtk_ws/src/gs2lidar/install/gs2lidar/share/gs2lidar/local_setup.sh
-- Up-to-date: /home/anaple/rtk_ws/src/gs2lidar/install/gs2lidar/share/gs2lidar/local_setup.zsh
-- Installing: /home/anaple/rtk_ws/src/gs2lidar/install/gs2lidar/share/gs2lidar/local_setup.dsv
-- Installing: /home/anaple/rtk_ws/src/gs2lidar/install/gs2lidar/share/gs2lidar/package.dsv
-- Up-to-date: /home/anaple/rtk_ws/src/gs2lidar/install/gs2lidar/share/ament_index/resource_index/packages/gs2lidar
-- Up-to-date: /home/anaple/rtk_ws/src/gs2lidar/install/gs2lidar/share/gs2lidar/cmake/gs2lidarConfig.cmake
-- Up-to-date: /home/anaple/rtk_ws/src/gs2lidar/install/gs2lidar/share/gs2lidar/cmake/gs2lidarConfig-version.cmake
-- Up-to-date: /home/anaple/rtk_ws/src/gs2lidar/install/gs2lidar/share/gs2lidar/package.xml
