[0.559s] DEBUG:colcon:Command line arguments: ['/usr/bin/colcon', 'build']
[0.560s] DEBUG:colcon:Parsed command line arguments: Namespace(log_base=None, log_level=None, verb_name='build', build_base='build', install_base='install', merge_install=False, symlink_install=False, test_result_base=None, continue_on_error=False, executor='parallel', parallel_workers=16, event_handlers=None, ignore_user_meta=False, metas=['./colcon.meta'], base_paths=['.'], packages_ignore=None, packages_ignore_regex=None, paths=None, packages_up_to=None, packages_up_to_regex=None, packages_above=None, packages_above_and_dependencies=None, packages_above_depth=None, packages_select_by_dep=None, packages_skip_by_dep=None, packages_skip_up_to=None, packages_select_build_failed=False, packages_skip_build_finished=False, packages_select_test_failures=False, packages_skip_test_passed=False, packages_select=None, packages_skip=None, packages_select_regex=None, packages_skip_regex=None, packages_start=None, packages_end=None, allow_overriding=[], cmake_args=None, cmake_target=None, cmake_target_skip_unavailable=False, cmake_clean_cache=False, cmake_clean_first=False, cmake_force_configure=False, ament_cmake_args=None, catkin_cmake_args=None, catkin_skip_building_tests=False, verb_parser=<colcon_defaults.argument_parser.defaults.DefaultArgumentsDecorator object at 0x7f4c4eb25240>, verb_extension=<colcon_core.verb.build.BuildVerb object at 0x7f4c4efabfd0>, main=<bound method BuildVerb.main of <colcon_core.verb.build.BuildVerb object at 0x7f4c4efabfd0>>)
[0.587s] Level 1:colcon.colcon_core.package_discovery:discover_packages(colcon_meta) check parameters
[0.587s] Level 1:colcon.colcon_core.package_discovery:discover_packages(recursive) check parameters
[0.587s] Level 1:colcon.colcon_core.package_discovery:discover_packages(ignore) check parameters
[0.588s] Level 1:colcon.colcon_core.package_discovery:discover_packages(path) check parameters
[0.588s] Level 1:colcon.colcon_core.package_discovery:discover_packages(colcon_meta) discover
[0.588s] Level 1:colcon.colcon_core.package_discovery:discover_packages(recursive) discover
[0.588s] INFO:colcon.colcon_core.package_discovery:Crawling recursively for packages in '/home/anaple/rtk_ws/src/gs2lidar'
[0.588s] Level 1:colcon.colcon_core.package_identification:_identify(.) by extensions ['ignore', 'ignore_ament_install']
[0.588s] Level 1:colcon.colcon_core.package_identification:_identify(.) by extension 'ignore'
[0.588s] Level 1:colcon.colcon_core.package_identification:_identify(.) by extension 'ignore_ament_install'
[0.588s] Level 1:colcon.colcon_core.package_identification:_identify(.) by extensions ['colcon_pkg']
[0.588s] Level 1:colcon.colcon_core.package_identification:_identify(.) by extension 'colcon_pkg'
[0.588s] Level 1:colcon.colcon_core.package_identification:_identify(.) by extensions ['colcon_meta']
[0.588s] Level 1:colcon.colcon_core.package_identification:_identify(.) by extension 'colcon_meta'
[0.588s] Level 1:colcon.colcon_core.package_identification:_identify(.) by extensions ['ros']
[0.588s] Level 1:colcon.colcon_core.package_identification:_identify(.) by extension 'ros'
[0.596s] DEBUG:colcon.colcon_core.package_identification:Package '.' with type 'ros.ament_cmake' and name 'gs2lidar'
[0.596s] Level 1:colcon.colcon_core.package_discovery:discover_packages(recursive) using defaults
[0.596s] Level 1:colcon.colcon_core.package_discovery:discover_packages(ignore) discover
[0.596s] Level 1:colcon.colcon_core.package_discovery:discover_packages(ignore) using defaults
[0.596s] Level 1:colcon.colcon_core.package_discovery:discover_packages(path) discover
[0.596s] Level 1:colcon.colcon_core.package_discovery:discover_packages(path) using defaults
[0.649s] Level 1:colcon.colcon_core.package_discovery:discover_packages(prefix_path) check parameters
[0.649s] Level 1:colcon.colcon_core.package_discovery:discover_packages(prefix_path) discover
[0.667s] DEBUG:colcon.colcon_installed_package_information.package_discovery:Found 1 installed packages in /home/anaple/rtk_ws/src/gs2lidar/install
[0.676s] DEBUG:colcon.colcon_installed_package_information.package_discovery:Found 394 installed packages in /opt/ros/humble
[0.684s] Level 1:colcon.colcon_core.package_discovery:discover_packages(prefix_path) using defaults
[0.745s] Level 5:colcon.colcon_core.verb:set package 'gs2lidar' build argument 'cmake_args' from command line to 'None'
[0.745s] Level 5:colcon.colcon_core.verb:set package 'gs2lidar' build argument 'cmake_target' from command line to 'None'
[0.745s] Level 5:colcon.colcon_core.verb:set package 'gs2lidar' build argument 'cmake_target_skip_unavailable' from command line to 'False'
[0.745s] Level 5:colcon.colcon_core.verb:set package 'gs2lidar' build argument 'cmake_clean_cache' from command line to 'False'
[0.745s] Level 5:colcon.colcon_core.verb:set package 'gs2lidar' build argument 'cmake_clean_first' from command line to 'False'
[0.745s] Level 5:colcon.colcon_core.verb:set package 'gs2lidar' build argument 'cmake_force_configure' from command line to 'False'
[0.745s] Level 5:colcon.colcon_core.verb:set package 'gs2lidar' build argument 'ament_cmake_args' from command line to 'None'
[0.745s] Level 5:colcon.colcon_core.verb:set package 'gs2lidar' build argument 'catkin_cmake_args' from command line to 'None'
[0.745s] Level 5:colcon.colcon_core.verb:set package 'gs2lidar' build argument 'catkin_skip_building_tests' from command line to 'False'
[0.745s] DEBUG:colcon.colcon_core.verb:Building package 'gs2lidar' with the following arguments: {'ament_cmake_args': None, 'build_base': '/home/anaple/rtk_ws/src/gs2lidar/build/gs2lidar', 'catkin_cmake_args': None, 'catkin_skip_building_tests': False, 'cmake_args': None, 'cmake_clean_cache': False, 'cmake_clean_first': False, 'cmake_force_configure': False, 'cmake_target': None, 'cmake_target_skip_unavailable': False, 'install_base': '/home/anaple/rtk_ws/src/gs2lidar/install/gs2lidar', 'merge_install': False, 'path': '/home/anaple/rtk_ws/src/gs2lidar', 'symlink_install': False, 'test_result_base': None}
[0.753s] INFO:colcon.colcon_core.executor:Executing jobs using 'parallel' executor
[0.762s] DEBUG:colcon.colcon_parallel_executor.executor.parallel:run_until_complete
[0.762s] INFO:colcon.colcon_ros.task.ament_cmake.build:Building ROS package in '/home/anaple/rtk_ws/src/gs2lidar' with build type 'ament_cmake'
[0.762s] INFO:colcon.colcon_cmake.task.cmake.build:Building CMake package in '/home/anaple/rtk_ws/src/gs2lidar'
[0.772s] INFO:colcon.colcon_core.plugin_system:Skipping extension 'colcon_core.shell.bat': Not used on non-Windows systems
[0.772s] INFO:colcon.colcon_core.shell:Skip shell extension 'powershell' for command environment: Not usable outside of PowerShell
[0.772s] DEBUG:colcon.colcon_core.shell:Skip shell extension 'dsv' for command environment
[0.812s] DEBUG:colcon.colcon_core.event_handler.log_command:Invoking command in '/home/anaple/rtk_ws/src/gs2lidar/build/gs2lidar': CMAKE_PREFIX_PATH=${CMAKE_PREFIX_PATH}:/opt/ros/humble /usr/bin/cmake --build /home/anaple/rtk_ws/src/gs2lidar/build/gs2lidar -- -j16 -l16
[0.886s] DEBUG:colcon.colcon_core.event_handler.log_command:Invoked command in '/home/anaple/rtk_ws/src/gs2lidar/build/gs2lidar' returned '0': CMAKE_PREFIX_PATH=${CMAKE_PREFIX_PATH}:/opt/ros/humble /usr/bin/cmake --build /home/anaple/rtk_ws/src/gs2lidar/build/gs2lidar -- -j16 -l16
[0.918s] DEBUG:colcon.colcon_core.event_handler.log_command:Invoking command in '/home/anaple/rtk_ws/src/gs2lidar/build/gs2lidar': CMAKE_PREFIX_PATH=${CMAKE_PREFIX_PATH}:/opt/ros/humble /usr/bin/cmake --install /home/anaple/rtk_ws/src/gs2lidar/build/gs2lidar
[0.925s] Level 1:colcon.colcon_core.environment:create_environment_scripts_only(gs2lidar)
[0.926s] DEBUG:colcon.colcon_core.event_handler.log_command:Invoked command in '/home/anaple/rtk_ws/src/gs2lidar/build/gs2lidar' returned '0': CMAKE_PREFIX_PATH=${CMAKE_PREFIX_PATH}:/opt/ros/humble /usr/bin/cmake --install /home/anaple/rtk_ws/src/gs2lidar/build/gs2lidar
[0.935s] Level 1:colcon.colcon_core.environment:checking '/home/anaple/rtk_ws/src/gs2lidar/install/gs2lidar' for CMake module files
[0.935s] Level 1:colcon.colcon_core.environment:checking '/home/anaple/rtk_ws/src/gs2lidar/install/gs2lidar' for CMake config files
[0.936s] Level 1:colcon.colcon_core.shell:create_environment_hook('gs2lidar', 'cmake_prefix_path')
[0.944s] INFO:colcon.colcon_core.shell:Creating environment hook '/home/anaple/rtk_ws/src/gs2lidar/install/gs2lidar/share/gs2lidar/hook/cmake_prefix_path.ps1'
[0.944s] INFO:colcon.colcon_core.shell:Creating environment descriptor '/home/anaple/rtk_ws/src/gs2lidar/install/gs2lidar/share/gs2lidar/hook/cmake_prefix_path.dsv'
[0.945s] INFO:colcon.colcon_core.shell:Creating environment hook '/home/anaple/rtk_ws/src/gs2lidar/install/gs2lidar/share/gs2lidar/hook/cmake_prefix_path.sh'
[0.945s] Level 1:colcon.colcon_core.environment:checking '/home/anaple/rtk_ws/src/gs2lidar/install/gs2lidar/lib'
[0.945s] Level 1:colcon.colcon_core.environment:checking '/home/anaple/rtk_ws/src/gs2lidar/install/gs2lidar/bin'
[0.945s] Level 1:colcon.colcon_core.environment:checking '/home/anaple/rtk_ws/src/gs2lidar/install/gs2lidar/lib/pkgconfig/gs2lidar.pc'
[0.946s] Level 1:colcon.colcon_core.environment:checking '/home/anaple/rtk_ws/src/gs2lidar/install/gs2lidar/lib/python3.10/site-packages'
[0.946s] Level 1:colcon.colcon_core.environment:checking '/home/anaple/rtk_ws/src/gs2lidar/install/gs2lidar/bin'
[0.954s] INFO:colcon.colcon_core.shell:Creating package script '/home/anaple/rtk_ws/src/gs2lidar/install/gs2lidar/share/gs2lidar/package.ps1'
[0.954s] INFO:colcon.colcon_core.shell:Creating package descriptor '/home/anaple/rtk_ws/src/gs2lidar/install/gs2lidar/share/gs2lidar/package.dsv'
[0.955s] INFO:colcon.colcon_core.shell:Creating package script '/home/anaple/rtk_ws/src/gs2lidar/install/gs2lidar/share/gs2lidar/package.sh'
[0.955s] INFO:colcon.colcon_core.shell:Creating package script '/home/anaple/rtk_ws/src/gs2lidar/install/gs2lidar/share/gs2lidar/package.bash'
[0.956s] INFO:colcon.colcon_core.shell:Creating package script '/home/anaple/rtk_ws/src/gs2lidar/install/gs2lidar/share/gs2lidar/package.zsh'
[0.956s] Level 1:colcon.colcon_core.environment:create_file_with_runtime_dependencies(/home/anaple/rtk_ws/src/gs2lidar/install/gs2lidar/share/colcon-core/packages/gs2lidar)
[1.000s] Level 1:colcon.colcon_core.environment:create_environment_scripts_only(gs2lidar)
[1.008s] Level 1:colcon.colcon_core.environment:checking '/home/anaple/rtk_ws/src/gs2lidar/install/gs2lidar' for CMake module files
[1.009s] Level 1:colcon.colcon_core.environment:checking '/home/anaple/rtk_ws/src/gs2lidar/install/gs2lidar' for CMake config files
[1.009s] Level 1:colcon.colcon_core.shell:create_environment_hook('gs2lidar', 'cmake_prefix_path')
[1.018s] INFO:colcon.colcon_core.shell:Creating environment hook '/home/anaple/rtk_ws/src/gs2lidar/install/gs2lidar/share/gs2lidar/hook/cmake_prefix_path.ps1'
[1.018s] INFO:colcon.colcon_core.shell:Creating environment descriptor '/home/anaple/rtk_ws/src/gs2lidar/install/gs2lidar/share/gs2lidar/hook/cmake_prefix_path.dsv'
[1.018s] INFO:colcon.colcon_core.shell:Creating environment hook '/home/anaple/rtk_ws/src/gs2lidar/install/gs2lidar/share/gs2lidar/hook/cmake_prefix_path.sh'
[1.018s] Level 1:colcon.colcon_core.environment:checking '/home/anaple/rtk_ws/src/gs2lidar/install/gs2lidar/lib'
[1.019s] Level 1:colcon.colcon_core.environment:checking '/home/anaple/rtk_ws/src/gs2lidar/install/gs2lidar/bin'
[1.019s] Level 1:colcon.colcon_core.environment:checking '/home/anaple/rtk_ws/src/gs2lidar/install/gs2lidar/lib/pkgconfig/gs2lidar.pc'
[1.019s] Level 1:colcon.colcon_core.environment:checking '/home/anaple/rtk_ws/src/gs2lidar/install/gs2lidar/lib/python3.10/site-packages'
[1.019s] Level 1:colcon.colcon_core.environment:checking '/home/anaple/rtk_ws/src/gs2lidar/install/gs2lidar/bin'
[1.028s] INFO:colcon.colcon_core.shell:Creating package script '/home/anaple/rtk_ws/src/gs2lidar/install/gs2lidar/share/gs2lidar/package.ps1'
[1.028s] INFO:colcon.colcon_core.shell:Creating package descriptor '/home/anaple/rtk_ws/src/gs2lidar/install/gs2lidar/share/gs2lidar/package.dsv'
[1.028s] INFO:colcon.colcon_core.shell:Creating package script '/home/anaple/rtk_ws/src/gs2lidar/install/gs2lidar/share/gs2lidar/package.sh'
[1.029s] INFO:colcon.colcon_core.shell:Creating package script '/home/anaple/rtk_ws/src/gs2lidar/install/gs2lidar/share/gs2lidar/package.bash'
[1.029s] INFO:colcon.colcon_core.shell:Creating package script '/home/anaple/rtk_ws/src/gs2lidar/install/gs2lidar/share/gs2lidar/package.zsh'
[1.029s] Level 1:colcon.colcon_core.environment:create_file_with_runtime_dependencies(/home/anaple/rtk_ws/src/gs2lidar/install/gs2lidar/share/colcon-core/packages/gs2lidar)
[1.029s] DEBUG:colcon.colcon_parallel_executor.executor.parallel:closing loop
[1.029s] DEBUG:colcon.colcon_parallel_executor.executor.parallel:loop closed
[1.029s] DEBUG:colcon.colcon_parallel_executor.executor.parallel:run_until_complete finished with '0'
[1.030s] DEBUG:colcon.colcon_core.event_reactor:joining thread
[1.045s] INFO:colcon.colcon_core.plugin_system:Skipping extension 'colcon_notification.desktop_notification.terminal_notifier': Not used on non-Darwin systems
[1.045s] INFO:colcon.colcon_core.plugin_system:Skipping extension 'colcon_notification.desktop_notification.win32': Not used on non-Windows systems
[1.045s] INFO:colcon.colcon_notification.desktop_notification:Sending desktop notification using 'notify2'
[1.060s] DEBUG:colcon.colcon_core.event_reactor:joined thread
[1.072s] INFO:colcon.colcon_core.shell:Creating prefix script '/home/anaple/rtk_ws/src/gs2lidar/install/local_setup.ps1'
[1.073s] INFO:colcon.colcon_core.shell:Creating prefix util module '/home/anaple/rtk_ws/src/gs2lidar/install/_local_setup_util_ps1.py'
[1.074s] INFO:colcon.colcon_core.shell:Creating prefix chain script '/home/anaple/rtk_ws/src/gs2lidar/install/setup.ps1'
[1.087s] INFO:colcon.colcon_core.shell:Creating prefix script '/home/anaple/rtk_ws/src/gs2lidar/install/local_setup.sh'
[1.087s] INFO:colcon.colcon_core.shell:Creating prefix util module '/home/anaple/rtk_ws/src/gs2lidar/install/_local_setup_util_sh.py'
[1.088s] INFO:colcon.colcon_core.shell:Creating prefix chain script '/home/anaple/rtk_ws/src/gs2lidar/install/setup.sh'
[1.101s] INFO:colcon.colcon_core.shell:Creating prefix script '/home/anaple/rtk_ws/src/gs2lidar/install/local_setup.bash'
[1.102s] INFO:colcon.colcon_core.shell:Creating prefix chain script '/home/anaple/rtk_ws/src/gs2lidar/install/setup.bash'
[1.114s] INFO:colcon.colcon_core.shell:Creating prefix script '/home/anaple/rtk_ws/src/gs2lidar/install/local_setup.zsh'
[1.114s] INFO:colcon.colcon_core.shell:Creating prefix chain script '/home/anaple/rtk_ws/src/gs2lidar/install/setup.zsh'
