[1.192s] DEBUG:colcon:Command line arguments: ['/usr/bin/colcon', 'build']
[1.192s] DEBUG:colcon:Parsed command line arguments: Namespace(log_base=None, log_level=None, verb_name='build', build_base='build', install_base='install', merge_install=False, symlink_install=False, test_result_base=None, continue_on_error=False, executor='parallel', parallel_workers=16, event_handlers=None, ignore_user_meta=False, metas=['./colcon.meta'], base_paths=['.'], packages_ignore=None, packages_ignore_regex=None, paths=None, packages_up_to=None, packages_up_to_regex=None, packages_above=None, packages_above_and_dependencies=None, packages_above_depth=None, packages_select_by_dep=None, packages_skip_by_dep=None, packages_skip_up_to=None, packages_select_build_failed=False, packages_skip_build_finished=False, packages_select_test_failures=False, packages_skip_test_passed=False, packages_select=None, packages_skip=None, packages_select_regex=None, packages_skip_regex=None, packages_start=None, packages_end=None, allow_overriding=[], cmake_args=None, cmake_target=None, cmake_target_skip_unavailable=False, cmake_clean_cache=False, cmake_clean_first=False, cmake_force_configure=False, ament_cmake_args=None, catkin_cmake_args=None, catkin_skip_building_tests=False, verb_parser=<colcon_defaults.argument_parser.defaults.DefaultArgumentsDecorator object at 0x7fda14827d30>, verb_extension=<colcon_core.verb.build.BuildVerb object at 0x7fda14cabfd0>, main=<bound method BuildVerb.main of <colcon_core.verb.build.BuildVerb object at 0x7fda14cabfd0>>)
[1.294s] Level 1:colcon.colcon_core.package_discovery:discover_packages(colcon_meta) check parameters
[1.295s] Level 1:colcon.colcon_core.package_discovery:discover_packages(recursive) check parameters
[1.295s] Level 1:colcon.colcon_core.package_discovery:discover_packages(ignore) check parameters
[1.295s] Level 1:colcon.colcon_core.package_discovery:discover_packages(path) check parameters
[1.295s] Level 1:colcon.colcon_core.package_discovery:discover_packages(colcon_meta) discover
[1.295s] Level 1:colcon.colcon_core.package_discovery:discover_packages(recursive) discover
[1.296s] INFO:colcon.colcon_core.package_discovery:Crawling recursively for packages in '/home/anaple/rtk_ws/src/gs2lidar'
[1.296s] Level 1:colcon.colcon_core.package_identification:_identify(.) by extensions ['ignore', 'ignore_ament_install']
[1.297s] Level 1:colcon.colcon_core.package_identification:_identify(.) by extension 'ignore'
[1.297s] Level 1:colcon.colcon_core.package_identification:_identify(.) by extension 'ignore_ament_install'
[1.297s] Level 1:colcon.colcon_core.package_identification:_identify(.) by extensions ['colcon_pkg']
[1.297s] Level 1:colcon.colcon_core.package_identification:_identify(.) by extension 'colcon_pkg'
[1.297s] Level 1:colcon.colcon_core.package_identification:_identify(.) by extensions ['colcon_meta']
[1.297s] Level 1:colcon.colcon_core.package_identification:_identify(.) by extension 'colcon_meta'
[1.297s] Level 1:colcon.colcon_core.package_identification:_identify(.) by extensions ['ros']
[1.297s] Level 1:colcon.colcon_core.package_identification:_identify(.) by extension 'ros'
[1.338s] DEBUG:colcon.colcon_core.package_identification:Package '.' with type 'ros.ament_cmake' and name 'gs2lidar'
[1.339s] Level 1:colcon.colcon_core.package_discovery:discover_packages(recursive) using defaults
[1.339s] Level 1:colcon.colcon_core.package_discovery:discover_packages(ignore) discover
[1.339s] Level 1:colcon.colcon_core.package_discovery:discover_packages(ignore) using defaults
[1.339s] Level 1:colcon.colcon_core.package_discovery:discover_packages(path) discover
[1.339s] Level 1:colcon.colcon_core.package_discovery:discover_packages(path) using defaults
[1.574s] Level 1:colcon.colcon_core.package_discovery:discover_packages(prefix_path) check parameters
[1.574s] Level 1:colcon.colcon_core.package_discovery:discover_packages(prefix_path) discover
[1.658s] DEBUG:colcon.colcon_installed_package_information.package_discovery:Found 1 installed packages in /home/anaple/rtk_ws/src/gs2lidar/install
[1.700s] DEBUG:colcon.colcon_installed_package_information.package_discovery:Found 394 installed packages in /opt/ros/humble
[1.809s] Level 1:colcon.colcon_core.package_discovery:discover_packages(prefix_path) using defaults
[2.024s] Level 5:colcon.colcon_core.verb:set package 'gs2lidar' build argument 'cmake_args' from command line to 'None'
[2.025s] Level 5:colcon.colcon_core.verb:set package 'gs2lidar' build argument 'cmake_target' from command line to 'None'
[2.025s] Level 5:colcon.colcon_core.verb:set package 'gs2lidar' build argument 'cmake_target_skip_unavailable' from command line to 'False'
[2.025s] Level 5:colcon.colcon_core.verb:set package 'gs2lidar' build argument 'cmake_clean_cache' from command line to 'False'
[2.025s] Level 5:colcon.colcon_core.verb:set package 'gs2lidar' build argument 'cmake_clean_first' from command line to 'False'
[2.025s] Level 5:colcon.colcon_core.verb:set package 'gs2lidar' build argument 'cmake_force_configure' from command line to 'False'
[2.025s] Level 5:colcon.colcon_core.verb:set package 'gs2lidar' build argument 'ament_cmake_args' from command line to 'None'
[2.025s] Level 5:colcon.colcon_core.verb:set package 'gs2lidar' build argument 'catkin_cmake_args' from command line to 'None'
[2.025s] Level 5:colcon.colcon_core.verb:set package 'gs2lidar' build argument 'catkin_skip_building_tests' from command line to 'False'
[2.025s] DEBUG:colcon.colcon_core.verb:Building package 'gs2lidar' with the following arguments: {'ament_cmake_args': None, 'build_base': '/home/anaple/rtk_ws/src/gs2lidar/build/gs2lidar', 'catkin_cmake_args': None, 'catkin_skip_building_tests': False, 'cmake_args': None, 'cmake_clean_cache': False, 'cmake_clean_first': False, 'cmake_force_configure': False, 'cmake_target': None, 'cmake_target_skip_unavailable': False, 'install_base': '/home/anaple/rtk_ws/src/gs2lidar/install/gs2lidar', 'merge_install': False, 'path': '/home/anaple/rtk_ws/src/gs2lidar', 'symlink_install': False, 'test_result_base': None}
[2.058s] INFO:colcon.colcon_core.executor:Executing jobs using 'parallel' executor
[2.098s] DEBUG:colcon.colcon_parallel_executor.executor.parallel:run_until_complete
[2.101s] INFO:colcon.colcon_ros.task.ament_cmake.build:Building ROS package in '/home/anaple/rtk_ws/src/gs2lidar' with build type 'ament_cmake'
[2.102s] INFO:colcon.colcon_cmake.task.cmake.build:Building CMake package in '/home/anaple/rtk_ws/src/gs2lidar'
[2.145s] INFO:colcon.colcon_core.plugin_system:Skipping extension 'colcon_core.shell.bat': Not used on non-Windows systems
[2.147s] INFO:colcon.colcon_core.shell:Skip shell extension 'powershell' for command environment: Not usable outside of PowerShell
[2.148s] DEBUG:colcon.colcon_core.shell:Skip shell extension 'dsv' for command environment
[2.260s] DEBUG:colcon.colcon_core.event_handler.log_command:Invoking command in '/home/anaple/rtk_ws/src/gs2lidar/build/gs2lidar': CMAKE_PREFIX_PATH=${CMAKE_PREFIX_PATH}:/opt/ros/humble /usr/bin/cmake --build /home/anaple/rtk_ws/src/gs2lidar/build/gs2lidar -- -j16 -l16
[10.544s] DEBUG:colcon.colcon_core.event_handler.log_command:Invoked command in '/home/anaple/rtk_ws/src/gs2lidar/build/gs2lidar' returned '0': CMAKE_PREFIX_PATH=${CMAKE_PREFIX_PATH}:/opt/ros/humble /usr/bin/cmake --build /home/anaple/rtk_ws/src/gs2lidar/build/gs2lidar -- -j16 -l16
[10.637s] DEBUG:colcon.colcon_core.event_handler.log_command:Invoking command in '/home/anaple/rtk_ws/src/gs2lidar/build/gs2lidar': CMAKE_PREFIX_PATH=${CMAKE_PREFIX_PATH}:/opt/ros/humble /usr/bin/cmake --install /home/anaple/rtk_ws/src/gs2lidar/build/gs2lidar
[10.654s] Level 1:colcon.colcon_core.environment:create_environment_scripts_only(gs2lidar)
[10.655s] DEBUG:colcon.colcon_core.event_handler.log_command:Invoked command in '/home/anaple/rtk_ws/src/gs2lidar/build/gs2lidar' returned '0': CMAKE_PREFIX_PATH=${CMAKE_PREFIX_PATH}:/opt/ros/humble /usr/bin/cmake --install /home/anaple/rtk_ws/src/gs2lidar/build/gs2lidar
[10.676s] Level 1:colcon.colcon_core.environment:checking '/home/anaple/rtk_ws/src/gs2lidar/install/gs2lidar' for CMake module files
[10.676s] Level 1:colcon.colcon_core.environment:checking '/home/anaple/rtk_ws/src/gs2lidar/install/gs2lidar' for CMake config files
[10.677s] Level 1:colcon.colcon_core.shell:create_environment_hook('gs2lidar', 'cmake_prefix_path')
[10.698s] INFO:colcon.colcon_core.shell:Creating environment hook '/home/anaple/rtk_ws/src/gs2lidar/install/gs2lidar/share/gs2lidar/hook/cmake_prefix_path.ps1'
[10.699s] INFO:colcon.colcon_core.shell:Creating environment descriptor '/home/anaple/rtk_ws/src/gs2lidar/install/gs2lidar/share/gs2lidar/hook/cmake_prefix_path.dsv'
[10.699s] INFO:colcon.colcon_core.shell:Creating environment hook '/home/anaple/rtk_ws/src/gs2lidar/install/gs2lidar/share/gs2lidar/hook/cmake_prefix_path.sh'
[10.701s] Level 1:colcon.colcon_core.environment:checking '/home/anaple/rtk_ws/src/gs2lidar/install/gs2lidar/lib'
[10.701s] Level 1:colcon.colcon_core.environment:checking '/home/anaple/rtk_ws/src/gs2lidar/install/gs2lidar/bin'
[10.701s] Level 1:colcon.colcon_core.environment:checking '/home/anaple/rtk_ws/src/gs2lidar/install/gs2lidar/lib/pkgconfig/gs2lidar.pc'
[10.701s] Level 1:colcon.colcon_core.environment:checking '/home/anaple/rtk_ws/src/gs2lidar/install/gs2lidar/lib/python3.10/site-packages'
[10.702s] Level 1:colcon.colcon_core.environment:checking '/home/anaple/rtk_ws/src/gs2lidar/install/gs2lidar/bin'
[10.727s] INFO:colcon.colcon_core.shell:Creating package script '/home/anaple/rtk_ws/src/gs2lidar/install/gs2lidar/share/gs2lidar/package.ps1'
[10.730s] INFO:colcon.colcon_core.shell:Creating package descriptor '/home/anaple/rtk_ws/src/gs2lidar/install/gs2lidar/share/gs2lidar/package.dsv'
[10.732s] INFO:colcon.colcon_core.shell:Creating package script '/home/anaple/rtk_ws/src/gs2lidar/install/gs2lidar/share/gs2lidar/package.sh'
[10.734s] INFO:colcon.colcon_core.shell:Creating package script '/home/anaple/rtk_ws/src/gs2lidar/install/gs2lidar/share/gs2lidar/package.bash'
[10.735s] INFO:colcon.colcon_core.shell:Creating package script '/home/anaple/rtk_ws/src/gs2lidar/install/gs2lidar/share/gs2lidar/package.zsh'
[10.737s] Level 1:colcon.colcon_core.environment:create_file_with_runtime_dependencies(/home/anaple/rtk_ws/src/gs2lidar/install/gs2lidar/share/colcon-core/packages/gs2lidar)
[10.857s] Level 1:colcon.colcon_core.environment:create_environment_scripts_only(gs2lidar)
[10.888s] Level 1:colcon.colcon_core.environment:checking '/home/anaple/rtk_ws/src/gs2lidar/install/gs2lidar' for CMake module files
[10.891s] Level 1:colcon.colcon_core.environment:checking '/home/anaple/rtk_ws/src/gs2lidar/install/gs2lidar' for CMake config files
[10.892s] Level 1:colcon.colcon_core.shell:create_environment_hook('gs2lidar', 'cmake_prefix_path')
[10.934s] INFO:colcon.colcon_core.shell:Creating environment hook '/home/anaple/rtk_ws/src/gs2lidar/install/gs2lidar/share/gs2lidar/hook/cmake_prefix_path.ps1'
[10.937s] INFO:colcon.colcon_core.shell:Creating environment descriptor '/home/anaple/rtk_ws/src/gs2lidar/install/gs2lidar/share/gs2lidar/hook/cmake_prefix_path.dsv'
[10.939s] INFO:colcon.colcon_core.shell:Creating environment hook '/home/anaple/rtk_ws/src/gs2lidar/install/gs2lidar/share/gs2lidar/hook/cmake_prefix_path.sh'
[10.942s] Level 1:colcon.colcon_core.environment:checking '/home/anaple/rtk_ws/src/gs2lidar/install/gs2lidar/lib'
[10.942s] Level 1:colcon.colcon_core.environment:checking '/home/anaple/rtk_ws/src/gs2lidar/install/gs2lidar/bin'
[10.943s] Level 1:colcon.colcon_core.environment:checking '/home/anaple/rtk_ws/src/gs2lidar/install/gs2lidar/lib/pkgconfig/gs2lidar.pc'
[10.944s] Level 1:colcon.colcon_core.environment:checking '/home/anaple/rtk_ws/src/gs2lidar/install/gs2lidar/lib/python3.10/site-packages'
[10.944s] Level 1:colcon.colcon_core.environment:checking '/home/anaple/rtk_ws/src/gs2lidar/install/gs2lidar/bin'
[10.982s] INFO:colcon.colcon_core.shell:Creating package script '/home/anaple/rtk_ws/src/gs2lidar/install/gs2lidar/share/gs2lidar/package.ps1'
[10.986s] INFO:colcon.colcon_core.shell:Creating package descriptor '/home/anaple/rtk_ws/src/gs2lidar/install/gs2lidar/share/gs2lidar/package.dsv'
[10.988s] INFO:colcon.colcon_core.shell:Creating package script '/home/anaple/rtk_ws/src/gs2lidar/install/gs2lidar/share/gs2lidar/package.sh'
[10.990s] INFO:colcon.colcon_core.shell:Creating package script '/home/anaple/rtk_ws/src/gs2lidar/install/gs2lidar/share/gs2lidar/package.bash'
[10.992s] INFO:colcon.colcon_core.shell:Creating package script '/home/anaple/rtk_ws/src/gs2lidar/install/gs2lidar/share/gs2lidar/package.zsh'
[10.993s] Level 1:colcon.colcon_core.environment:create_file_with_runtime_dependencies(/home/anaple/rtk_ws/src/gs2lidar/install/gs2lidar/share/colcon-core/packages/gs2lidar)
[10.994s] DEBUG:colcon.colcon_parallel_executor.executor.parallel:closing loop
[10.995s] DEBUG:colcon.colcon_parallel_executor.executor.parallel:loop closed
[10.997s] DEBUG:colcon.colcon_parallel_executor.executor.parallel:run_until_complete finished with '0'
[10.998s] DEBUG:colcon.colcon_core.event_reactor:joining thread
[11.036s] INFO:colcon.colcon_core.plugin_system:Skipping extension 'colcon_notification.desktop_notification.terminal_notifier': Not used on non-Darwin systems
[11.036s] INFO:colcon.colcon_core.plugin_system:Skipping extension 'colcon_notification.desktop_notification.win32': Not used on non-Windows systems
[11.037s] INFO:colcon.colcon_notification.desktop_notification:Sending desktop notification using 'notify2'
[11.067s] DEBUG:colcon.colcon_core.event_reactor:joined thread
[11.100s] INFO:colcon.colcon_core.shell:Creating prefix script '/home/anaple/rtk_ws/src/gs2lidar/install/local_setup.ps1'
[11.101s] INFO:colcon.colcon_core.shell:Creating prefix util module '/home/anaple/rtk_ws/src/gs2lidar/install/_local_setup_util_ps1.py'
[11.105s] INFO:colcon.colcon_core.shell:Creating prefix chain script '/home/anaple/rtk_ws/src/gs2lidar/install/setup.ps1'
[11.148s] INFO:colcon.colcon_core.shell:Creating prefix script '/home/anaple/rtk_ws/src/gs2lidar/install/local_setup.sh'
[11.150s] INFO:colcon.colcon_core.shell:Creating prefix util module '/home/anaple/rtk_ws/src/gs2lidar/install/_local_setup_util_sh.py'
[11.152s] INFO:colcon.colcon_core.shell:Creating prefix chain script '/home/anaple/rtk_ws/src/gs2lidar/install/setup.sh'
[11.176s] INFO:colcon.colcon_core.shell:Creating prefix script '/home/anaple/rtk_ws/src/gs2lidar/install/local_setup.bash'
[11.177s] INFO:colcon.colcon_core.shell:Creating prefix chain script '/home/anaple/rtk_ws/src/gs2lidar/install/setup.bash'
[11.194s] INFO:colcon.colcon_core.shell:Creating prefix script '/home/anaple/rtk_ws/src/gs2lidar/install/local_setup.zsh'
[11.195s] INFO:colcon.colcon_core.shell:Creating prefix chain script '/home/anaple/rtk_ws/src/gs2lidar/install/setup.zsh'
