[0.599s] DEBUG:colcon:Command line arguments: ['/usr/bin/colcon', 'build']
[0.600s] DEBUG:colcon:Parsed command line arguments: Namespace(log_base=None, log_level=None, verb_name='build', build_base='build', install_base='install', merge_install=False, symlink_install=False, test_result_base=None, continue_on_error=False, executor='parallel', parallel_workers=16, event_handlers=None, ignore_user_meta=False, metas=['./colcon.meta'], base_paths=['.'], packages_ignore=None, packages_ignore_regex=None, paths=None, packages_up_to=None, packages_up_to_regex=None, packages_above=None, packages_above_and_dependencies=None, packages_above_depth=None, packages_select_by_dep=None, packages_skip_by_dep=None, packages_skip_up_to=None, packages_select_build_failed=False, packages_skip_build_finished=False, packages_select_test_failures=False, packages_skip_test_passed=False, packages_select=None, packages_skip=None, packages_select_regex=None, packages_skip_regex=None, packages_start=None, packages_end=None, allow_overriding=[], cmake_args=None, cmake_target=None, cmake_target_skip_unavailable=False, cmake_clean_cache=False, cmake_clean_first=False, cmake_force_configure=False, ament_cmake_args=None, catkin_cmake_args=None, catkin_skip_building_tests=False, verb_parser=<colcon_defaults.argument_parser.defaults.DefaultArgumentsDecorator object at 0x7f5342101240>, verb_extension=<colcon_core.verb.build.BuildVerb object at 0x7f5342587fd0>, main=<bound method BuildVerb.main of <colcon_core.verb.build.BuildVerb object at 0x7f5342587fd0>>)
[0.630s] Level 1:colcon.colcon_core.package_discovery:discover_packages(colcon_meta) check parameters
[0.631s] Level 1:colcon.colcon_core.package_discovery:discover_packages(recursive) check parameters
[0.631s] Level 1:colcon.colcon_core.package_discovery:discover_packages(ignore) check parameters
[0.631s] Level 1:colcon.colcon_core.package_discovery:discover_packages(path) check parameters
[0.631s] Level 1:colcon.colcon_core.package_discovery:discover_packages(colcon_meta) discover
[0.631s] Level 1:colcon.colcon_core.package_discovery:discover_packages(recursive) discover
[0.631s] INFO:colcon.colcon_core.package_discovery:Crawling recursively for packages in '/home/anaple/rtk_ws/src/gs2lidar'
[0.631s] Level 1:colcon.colcon_core.package_identification:_identify(.) by extensions ['ignore', 'ignore_ament_install']
[0.631s] Level 1:colcon.colcon_core.package_identification:_identify(.) by extension 'ignore'
[0.631s] Level 1:colcon.colcon_core.package_identification:_identify(.) by extension 'ignore_ament_install'
[0.631s] Level 1:colcon.colcon_core.package_identification:_identify(.) by extensions ['colcon_pkg']
[0.631s] Level 1:colcon.colcon_core.package_identification:_identify(.) by extension 'colcon_pkg'
[0.631s] Level 1:colcon.colcon_core.package_identification:_identify(.) by extensions ['colcon_meta']
[0.631s] Level 1:colcon.colcon_core.package_identification:_identify(.) by extension 'colcon_meta'
[0.631s] Level 1:colcon.colcon_core.package_identification:_identify(.) by extensions ['ros']
[0.631s] Level 1:colcon.colcon_core.package_identification:_identify(.) by extension 'ros'
[0.640s] DEBUG:colcon.colcon_core.package_identification:Package '.' with type 'ros.ament_cmake' and name 'gs2lidar'
[0.640s] Level 1:colcon.colcon_core.package_discovery:discover_packages(recursive) using defaults
[0.640s] Level 1:colcon.colcon_core.package_discovery:discover_packages(ignore) discover
[0.640s] Level 1:colcon.colcon_core.package_discovery:discover_packages(ignore) using defaults
[0.640s] Level 1:colcon.colcon_core.package_discovery:discover_packages(path) discover
[0.640s] Level 1:colcon.colcon_core.package_discovery:discover_packages(path) using defaults
[0.715s] Level 1:colcon.colcon_core.package_discovery:discover_packages(prefix_path) check parameters
[0.715s] Level 1:colcon.colcon_core.package_discovery:discover_packages(prefix_path) discover
[0.737s] DEBUG:colcon.colcon_installed_package_information.package_discovery:Found 1 installed packages in /home/anaple/rtk_ws/src/gs2lidar/install
[0.749s] DEBUG:colcon.colcon_installed_package_information.package_discovery:Found 394 installed packages in /opt/ros/humble
[0.770s] Level 1:colcon.colcon_core.package_discovery:discover_packages(prefix_path) using defaults
[0.868s] Level 5:colcon.colcon_core.verb:set package 'gs2lidar' build argument 'cmake_args' from command line to 'None'
[0.868s] Level 5:colcon.colcon_core.verb:set package 'gs2lidar' build argument 'cmake_target' from command line to 'None'
[0.868s] Level 5:colcon.colcon_core.verb:set package 'gs2lidar' build argument 'cmake_target_skip_unavailable' from command line to 'False'
[0.868s] Level 5:colcon.colcon_core.verb:set package 'gs2lidar' build argument 'cmake_clean_cache' from command line to 'False'
[0.868s] Level 5:colcon.colcon_core.verb:set package 'gs2lidar' build argument 'cmake_clean_first' from command line to 'False'
[0.868s] Level 5:colcon.colcon_core.verb:set package 'gs2lidar' build argument 'cmake_force_configure' from command line to 'False'
[0.868s] Level 5:colcon.colcon_core.verb:set package 'gs2lidar' build argument 'ament_cmake_args' from command line to 'None'
[0.868s] Level 5:colcon.colcon_core.verb:set package 'gs2lidar' build argument 'catkin_cmake_args' from command line to 'None'
[0.868s] Level 5:colcon.colcon_core.verb:set package 'gs2lidar' build argument 'catkin_skip_building_tests' from command line to 'False'
[0.868s] DEBUG:colcon.colcon_core.verb:Building package 'gs2lidar' with the following arguments: {'ament_cmake_args': None, 'build_base': '/home/anaple/rtk_ws/src/gs2lidar/build/gs2lidar', 'catkin_cmake_args': None, 'catkin_skip_building_tests': False, 'cmake_args': None, 'cmake_clean_cache': False, 'cmake_clean_first': False, 'cmake_force_configure': False, 'cmake_target': None, 'cmake_target_skip_unavailable': False, 'install_base': '/home/anaple/rtk_ws/src/gs2lidar/install/gs2lidar', 'merge_install': False, 'path': '/home/anaple/rtk_ws/src/gs2lidar', 'symlink_install': False, 'test_result_base': None}
[0.883s] INFO:colcon.colcon_core.executor:Executing jobs using 'parallel' executor
[0.900s] DEBUG:colcon.colcon_parallel_executor.executor.parallel:run_until_complete
[0.900s] INFO:colcon.colcon_ros.task.ament_cmake.build:Building ROS package in '/home/anaple/rtk_ws/src/gs2lidar' with build type 'ament_cmake'
[0.900s] INFO:colcon.colcon_cmake.task.cmake.build:Building CMake package in '/home/anaple/rtk_ws/src/gs2lidar'
[0.927s] INFO:colcon.colcon_core.plugin_system:Skipping extension 'colcon_core.shell.bat': Not used on non-Windows systems
[0.927s] INFO:colcon.colcon_core.shell:Skip shell extension 'powershell' for command environment: Not usable outside of PowerShell
[0.927s] DEBUG:colcon.colcon_core.shell:Skip shell extension 'dsv' for command environment
[1.004s] DEBUG:colcon.colcon_core.event_handler.log_command:Invoking command in '/home/anaple/rtk_ws/src/gs2lidar/build/gs2lidar': CMAKE_PREFIX_PATH=${CMAKE_PREFIX_PATH}:/opt/ros/humble /usr/bin/cmake --build /home/anaple/rtk_ws/src/gs2lidar/build/gs2lidar -- -j16 -l16
[3.827s] DEBUG:colcon.colcon_parallel_executor.executor.parallel:run_until_complete was interrupted
[3.827s] DEBUG:colcon.colcon_parallel_executor.executor.parallel:run_until_complete again
[3.841s] DEBUG:colcon.colcon_core.event_handler.log_command:Invoked command in '/home/anaple/rtk_ws/src/gs2lidar/build/gs2lidar' returned '-2': CMAKE_PREFIX_PATH=${CMAKE_PREFIX_PATH}:/opt/ros/humble /usr/bin/cmake --build /home/anaple/rtk_ws/src/gs2lidar/build/gs2lidar -- -j16 -l16
[3.946s] Level 1:colcon.colcon_core.environment:create_environment_scripts_only(gs2lidar)
[3.983s] Level 1:colcon.colcon_core.environment:checking '/home/anaple/rtk_ws/src/gs2lidar/install/gs2lidar' for CMake module files
[3.983s] Level 1:colcon.colcon_core.environment:checking '/home/anaple/rtk_ws/src/gs2lidar/install/gs2lidar' for CMake config files
[3.984s] Level 1:colcon.colcon_core.shell:create_environment_hook('gs2lidar', 'cmake_prefix_path')
[3.999s] INFO:colcon.colcon_core.shell:Creating environment hook '/home/anaple/rtk_ws/src/gs2lidar/install/gs2lidar/share/gs2lidar/hook/cmake_prefix_path.ps1'
[4.000s] INFO:colcon.colcon_core.shell:Creating environment descriptor '/home/anaple/rtk_ws/src/gs2lidar/install/gs2lidar/share/gs2lidar/hook/cmake_prefix_path.dsv'
[4.000s] INFO:colcon.colcon_core.shell:Creating environment hook '/home/anaple/rtk_ws/src/gs2lidar/install/gs2lidar/share/gs2lidar/hook/cmake_prefix_path.sh'
[4.002s] Level 1:colcon.colcon_core.environment:checking '/home/anaple/rtk_ws/src/gs2lidar/install/gs2lidar/lib'
[4.002s] Level 1:colcon.colcon_core.environment:checking '/home/anaple/rtk_ws/src/gs2lidar/install/gs2lidar/bin'
[4.002s] Level 1:colcon.colcon_core.environment:checking '/home/anaple/rtk_ws/src/gs2lidar/install/gs2lidar/lib/pkgconfig/gs2lidar.pc'
[4.003s] Level 1:colcon.colcon_core.environment:checking '/home/anaple/rtk_ws/src/gs2lidar/install/gs2lidar/lib/python3.10/site-packages'
[4.003s] Level 1:colcon.colcon_core.environment:checking '/home/anaple/rtk_ws/src/gs2lidar/install/gs2lidar/bin'
[4.026s] INFO:colcon.colcon_core.shell:Creating package script '/home/anaple/rtk_ws/src/gs2lidar/install/gs2lidar/share/gs2lidar/package.ps1'
[4.029s] INFO:colcon.colcon_core.shell:Creating package descriptor '/home/anaple/rtk_ws/src/gs2lidar/install/gs2lidar/share/gs2lidar/package.dsv'
[4.030s] INFO:colcon.colcon_core.shell:Creating package script '/home/anaple/rtk_ws/src/gs2lidar/install/gs2lidar/share/gs2lidar/package.sh'
[4.031s] INFO:colcon.colcon_core.shell:Creating package script '/home/anaple/rtk_ws/src/gs2lidar/install/gs2lidar/share/gs2lidar/package.bash'
[4.032s] INFO:colcon.colcon_core.shell:Creating package script '/home/anaple/rtk_ws/src/gs2lidar/install/gs2lidar/share/gs2lidar/package.zsh'
[4.033s] Level 1:colcon.colcon_core.environment:create_file_with_runtime_dependencies(/home/anaple/rtk_ws/src/gs2lidar/install/gs2lidar/share/colcon-core/packages/gs2lidar)
[4.045s] DEBUG:colcon.colcon_parallel_executor.executor.parallel:run_until_complete finished
[4.045s] DEBUG:colcon.colcon_parallel_executor.executor.parallel:closing loop
[4.045s] DEBUG:colcon.colcon_parallel_executor.executor.parallel:loop closed
[4.046s] DEBUG:colcon.colcon_core.event_reactor:joining thread
[4.071s] INFO:colcon.colcon_core.plugin_system:Skipping extension 'colcon_notification.desktop_notification.terminal_notifier': Not used on non-Darwin systems
[4.071s] INFO:colcon.colcon_core.plugin_system:Skipping extension 'colcon_notification.desktop_notification.win32': Not used on non-Windows systems
[4.071s] INFO:colcon.colcon_notification.desktop_notification:Sending desktop notification using 'notify2'
[4.093s] DEBUG:colcon.colcon_core.event_reactor:joined thread
[4.124s] INFO:colcon.colcon_core.shell:Creating prefix script '/home/anaple/rtk_ws/src/gs2lidar/install/local_setup.ps1'
[4.127s] INFO:colcon.colcon_core.shell:Creating prefix util module '/home/anaple/rtk_ws/src/gs2lidar/install/_local_setup_util_ps1.py'
[4.130s] INFO:colcon.colcon_core.shell:Creating prefix chain script '/home/anaple/rtk_ws/src/gs2lidar/install/setup.ps1'
[4.156s] INFO:colcon.colcon_core.shell:Creating prefix script '/home/anaple/rtk_ws/src/gs2lidar/install/local_setup.sh'
[4.158s] INFO:colcon.colcon_core.shell:Creating prefix util module '/home/anaple/rtk_ws/src/gs2lidar/install/_local_setup_util_sh.py'
[4.159s] INFO:colcon.colcon_core.shell:Creating prefix chain script '/home/anaple/rtk_ws/src/gs2lidar/install/setup.sh'
[4.184s] INFO:colcon.colcon_core.shell:Creating prefix script '/home/anaple/rtk_ws/src/gs2lidar/install/local_setup.bash'
[4.185s] INFO:colcon.colcon_core.shell:Creating prefix chain script '/home/anaple/rtk_ws/src/gs2lidar/install/setup.bash'
[4.207s] INFO:colcon.colcon_core.shell:Creating prefix script '/home/anaple/rtk_ws/src/gs2lidar/install/local_setup.zsh'
[4.208s] INFO:colcon.colcon_core.shell:Creating prefix chain script '/home/anaple/rtk_ws/src/gs2lidar/install/setup.zsh'
